  Assembling ImageScaler.asm...
ImageScaler.asm(2): error A2013: .MODEL must precede this directive
ImageScaler.asm(3): error A2034: must be in segment block
ImageScaler.asm(9): error A2013: .MODEL must precede this directive
ImageScaler.asm(23): error A2034: must be in segment block : ScaleImageAsm
ImageScaler.asm(25): error A2034: must be in segment block
ImageScaler.asm(26): error A2034: must be in segment block
ImageScaler.asm(27): error A2034: must be in segment block
ImageScaler.asm(30): error A2034: must be in segment block
ImageScaler.asm(31): error A2034: must be in segment block
ImageScaler.asm(32): error A2034: must be in segment block
ImageScaler.asm(33): error A2034: must be in segment block
ImageScaler.asm(34): error A2034: must be in segment block
ImageScaler.asm(35): error A2034: must be in segment block
ImageScaler.asm(36): error A2034: must be in segment block
ImageScaler.asm(37): error A2034: must be in segment block
ImageScaler.asm(38): error A2034: must be in segment block
ImageScaler.asm(39): error A2034: must be in segment block
ImageScaler.asm(42): error A2034: must be in segment block
ImageScaler.asm(43): error A2034: must be in segment block
ImageScaler.asm(44): error A2034: must be in segment block
ImageScaler.asm(45): error A2034: must be in segment block
ImageScaler.asm(46): error A2034: must be in segment block
ImageScaler.asm(47): error A2034: must be in segment block
ImageScaler.asm(48): error A2034: must be in segment block
ImageScaler.asm(49): error A2034: must be in segment block
ImageScaler.asm(50): error A2034: must be in segment block
ImageScaler.asm(51): error A2034: must be in segment block
ImageScaler.asm(54): error A2034: must be in segment block
ImageScaler.asm(55): error A2034: must be in segment block
ImageScaler.asm(56): error A2034: must be in segment block
ImageScaler.asm(57): error A2034: must be in segment block
ImageScaler.asm(58): error A2034: must be in segment block
ImageScaler.asm(61): error A2034: must be in segment block
ImageScaler.asm(62): error A2034: must be in segment block
ImageScaler.asm(63): error A2034: must be in segment block
ImageScaler.asm(64): error A2034: must be in segment block
ImageScaler.asm(67): error A2034: must be in segment block
ImageScaler.asm(68): error A2034: must be in segment block
ImageScaler.asm(69): error A2034: must be in segment block
ImageScaler.asm(70): error A2034: must be in segment block
ImageScaler.asm(71): error A2034: must be in segment block
ImageScaler.asm(72): error A2034: must be in segment block
ImageScaler.asm(73): error A2034: must be in segment block
ImageScaler.asm(74): error A2034: must be in segment block
ImageScaler.asm(75): error A2034: must be in segment block
ImageScaler.asm(78): error A2034: must be in segment block
ImageScaler.asm(79): error A2034: must be in segment block
ImageScaler.asm(80): error A2034: must be in segment block
ImageScaler.asm(81): error A2034: must be in segment block
ImageScaler.asm(83): error A2034: must be in segment block
ImageScaler.asm(84): error A2034: must be in segment block
ImageScaler.asm(85): error A2034: must be in segment block
ImageScaler.asm(86): error A2034: must be in segment block
ImageScaler.asm(89): error A2034: must be in segment block
ImageScaler.asm(90): error A2034: must be in segment block
ImageScaler.asm(91): error A2008: syntax error : cqo
ImageScaler.asm(92): error A2034: must be in segment block
ImageScaler.asm(93): error A2034: must be in segment block
ImageScaler.asm(96): error A2034: must be in segment block
ImageScaler.asm(97): error A2034: must be in segment block
ImageScaler.asm(98): error A2008: syntax error : cqo
ImageScaler.asm(99): error A2034: must be in segment block
ImageScaler.asm(100): error A2034: must be in segment block
ImageScaler.asm(103): error A2034: must be in segment block
ImageScaler.asm(104): error A2034: must be in segment block
ImageScaler.asm(105): error A2034: must be in segment block
ImageScaler.asm(106): error A2034: must be in segment block
ImageScaler.asm(107): error A2034: must be in segment block
ImageScaler.asm(108): error A2034: must be in segment block
ImageScaler.asm(109): error A2034: must be in segment block
ImageScaler.asm(112): error A2034: must be in segment block
ImageScaler.asm(113): error A2034: must be in segment block
ImageScaler.asm(114): error A2034: must be in segment block
ImageScaler.asm(115): error A2034: must be in segment block
ImageScaler.asm(116): error A2034: must be in segment block
ImageScaler.asm(117): error A2034: must be in segment block
ImageScaler.asm(121): error A2034: must be in segment block
ImageScaler.asm(122): error A2034: must be in segment block
ImageScaler.asm(123): error A2034: must be in segment block
ImageScaler.asm(124): error A2034: must be in segment block
ImageScaler.asm(125): error A2034: must be in segment block
ImageScaler.asm(126): error A2034: must be in segment block
ImageScaler.asm(128): error A2034: must be in segment block
ImageScaler.asm(129): error A2034: must be in segment block
ImageScaler.asm(130): error A2034: must be in segment block
ImageScaler.asm(131): error A2034: must be in segment block
ImageScaler.asm(132): error A2034: must be in segment block
ImageScaler.asm(133): error A2034: must be in segment block
ImageScaler.asm(136): error A2034: must be in segment block
ImageScaler.asm(137): error A2034: must be in segment block
ImageScaler.asm(138): error A2034: must be in segment block
ImageScaler.asm(139): error A2034: must be in segment block
ImageScaler.asm(141): error A2034: must be in segment block
ImageScaler.asm(142): error A2034: must be in segment block
ImageScaler.asm(143): error A2034: must be in segment block
ImageScaler.asm(144): error A2034: must be in segment block
ImageScaler.asm(145): error A2034: must be in segment block
ImageScaler.asm(147): fatal error A1010: unmatched block nesting : ScaleImageAsm
C:\Program Files\Microsoft Visual Studio\2022\Community\MSBuild\Microsoft\VC\v170\BuildCustomizations\masm.targets(70,5): error MSB3721: The command "ml.exe /c /nologo /Zi /Fo"Debug\ImageScaler.obj" /W3 /errorReport:prompt  /TaImageScaler.asm" exited with code 1.
