  ImageScaler.cpp
  .NETFramework,Version=v4.7.2.AssemblyAttributes.cpp
     Creating library C:\Users\Ryzen\Desktop\Git_repos\image_scaler\x64\Debug\ImageScaling_Cpp.lib and object C:\Users\Ryzen\Desktop\Git_repos\image_scaler\x64\Debug\ImageScaling_Cpp.exp
  ImageScaling_Cpp.vcxproj -> C:\Users\Ryzen\Desktop\Git_repos\image_scaler\x64\Debug\ImageScaling_Cpp.dll
C:\Program Files\Microsoft Visual Studio\2022\Community\MSBuild\Microsoft\VC\v170\Microsoft.MetaGen.targets(52,5): warning MSB4018: The "METAGEN" task failed unexpectedly.
C:\Program Files\Microsoft Visual Studio\2022\Community\MSBuild\Microsoft\VC\v170\Microsoft.MetaGen.targets(52,5): warning MSB4018: System.BadImageFormatException: Could not load file or assembly 'file:///C:\Users\Ryzen\Desktop\Git_repos\image_scaler\x64\Debug\ImageScaling_Cpp.dll' or one of its dependencies. The module was expected to contain an assembly manifest.
C:\Program Files\Microsoft Visual Studio\2022\Community\MSBuild\Microsoft\VC\v170\Microsoft.MetaGen.targets(52,5): warning MSB4018: File name: 'file:///C:\Users\Ryzen\Desktop\Git_repos\image_scaler\x64\Debug\ImageScaling_Cpp.dll'
C:\Program Files\Microsoft Visual Studio\2022\Community\MSBuild\Microsoft\VC\v170\Microsoft.MetaGen.targets(52,5): warning MSB4018:    at System.Reflection.RuntimeAssembly._nLoad(AssemblyName fileName, String codeBase, Evidence assemblySecurity, RuntimeAssembly locationHint, StackCrawlMark& stackMark, IntPtr pPrivHostBinder, Boolean throwOnFileNotFound, Boolean forIntrospection, Boolean suppressSecurityChecks)
C:\Program Files\Microsoft Visual Studio\2022\Community\MSBuild\Microsoft\VC\v170\Microsoft.MetaGen.targets(52,5): warning MSB4018:    at System.Reflection.RuntimeAssembly.InternalLoadAssemblyName(AssemblyName assemblyRef, Evidence assemblySecurity, RuntimeAssembly reqAssembly, StackCrawlMark& stackMark, IntPtr pPrivHostBinder, Boolean throwOnFileNotFound, Boolean forIntrospection, Boolean suppressSecurityChecks)
C:\Program Files\Microsoft Visual Studio\2022\Community\MSBuild\Microsoft\VC\v170\Microsoft.MetaGen.targets(52,5): warning MSB4018:    at System.Reflection.RuntimeAssembly.InternalLoadFrom(String assemblyFile, Evidence securityEvidence, Byte[] hashValue, AssemblyHashAlgorithm hashAlgorithm, Boolean forIntrospection, Boolean suppressSecurityChecks, StackCrawlMark& stackMark)
C:\Program Files\Microsoft Visual Studio\2022\Community\MSBuild\Microsoft\VC\v170\Microsoft.MetaGen.targets(52,5): warning MSB4018:    at System.Reflection.Assembly.ReflectionOnlyLoadFrom(String assemblyFile)
C:\Program Files\Microsoft Visual Studio\2022\Community\MSBuild\Microsoft\VC\v170\Microsoft.MetaGen.targets(52,5): warning MSB4018:    at Microsoft.Build.CPPTasks.MetaDumper.GenerateAssemblyMeta(String theModule, String refSearchPath)
C:\Program Files\Microsoft Visual Studio\2022\Community\MSBuild\Microsoft\VC\v170\Microsoft.MetaGen.targets(52,5): warning MSB4018:    at Microsoft.Build.CPPTasks.MetaDumper.GenerateAssemblyMeta(String theModule, String refSearchPath)
C:\Program Files\Microsoft Visual Studio\2022\Community\MSBuild\Microsoft\VC\v170\Microsoft.MetaGen.targets(52,5): warning MSB4018:    at Microsoft.Build.CPPTasks.AsmMeta.CreateMeta(String assemblyFileName, String searchPath, String metaFileName)
C:\Program Files\Microsoft Visual Studio\2022\Community\MSBuild\Microsoft\VC\v170\Microsoft.MetaGen.targets(52,5): warning MSB4018:    at Microsoft.Build.CPPTasks.METAGEN.Execute()
C:\Program Files\Microsoft Visual Studio\2022\Community\MSBuild\Microsoft\VC\v170\Microsoft.MetaGen.targets(52,5): warning MSB4018:    at Microsoft.Build.BackEnd.TaskExecutionHost.Microsoft.Build.BackEnd.ITaskExecutionHost.Execute()
C:\Program Files\Microsoft Visual Studio\2022\Community\MSBuild\Microsoft\VC\v170\Microsoft.MetaGen.targets(52,5): warning MSB4018:    at Microsoft.Build.BackEnd.TaskBuilder.<ExecuteInstantiatedTask>d__26.MoveNext()
C:\Program Files\Microsoft Visual Studio\2022\Community\MSBuild\Microsoft\VC\v170\Microsoft.MetaGen.targets(52,5): warning MSB4018: 
C:\Program Files\Microsoft Visual Studio\2022\Community\MSBuild\Microsoft\VC\v170\Microsoft.MetaGen.targets(52,5): warning MSB4018: === Pre-bind state information ===
C:\Program Files\Microsoft Visual Studio\2022\Community\MSBuild\Microsoft\VC\v170\Microsoft.MetaGen.targets(52,5): warning MSB4018: LOG: Where-ref bind. Location = C:\Users\Ryzen\Desktop\Git_repos\image_scaler\x64\Debug\ImageScaling_Cpp.dll
C:\Program Files\Microsoft Visual Studio\2022\Community\MSBuild\Microsoft\VC\v170\Microsoft.MetaGen.targets(52,5): warning MSB4018: LOG: Appbase = file:///C:/Program Files/Microsoft Visual Studio/2022/Community/MSBuild/Current/Bin/amd64/
C:\Program Files\Microsoft Visual Studio\2022\Community\MSBuild\Microsoft\VC\v170\Microsoft.MetaGen.targets(52,5): warning MSB4018: LOG: Initial PrivatePath = NULL
C:\Program Files\Microsoft Visual Studio\2022\Community\MSBuild\Microsoft\VC\v170\Microsoft.MetaGen.targets(52,5): warning MSB4018: Calling assembly : (Unknown).
C:\Program Files\Microsoft Visual Studio\2022\Community\MSBuild\Microsoft\VC\v170\Microsoft.MetaGen.targets(52,5): warning MSB4018: ===
C:\Program Files\Microsoft Visual Studio\2022\Community\MSBuild\Microsoft\VC\v170\Microsoft.MetaGen.targets(52,5): warning MSB4018: LOG: This is an inspection only bind.
C:\Program Files\Microsoft Visual Studio\2022\Community\MSBuild\Microsoft\VC\v170\Microsoft.MetaGen.targets(52,5): warning MSB4018: LOG: Using application configuration file: C:\Program Files\Microsoft Visual Studio\2022\Community\MSBuild\Current\Bin\amd64\MSBuild.exe.Config
C:\Program Files\Microsoft Visual Studio\2022\Community\MSBuild\Microsoft\VC\v170\Microsoft.MetaGen.targets(52,5): warning MSB4018: LOG: Using host configuration file: 
C:\Program Files\Microsoft Visual Studio\2022\Community\MSBuild\Microsoft\VC\v170\Microsoft.MetaGen.targets(52,5): warning MSB4018: LOG: Using machine configuration file from C:\Windows\Microsoft.NET\Framework64\v4.0.30319\config\machine.config.
C:\Program Files\Microsoft Visual Studio\2022\Community\MSBuild\Microsoft\VC\v170\Microsoft.MetaGen.targets(52,5): warning MSB4018: LOG: Attempting download of new URL file:///C:/Users/Ryzen/Desktop/Git_repos/image_scaler/x64/Debug/ImageScaling_Cpp.dll.
C:\Program Files\Microsoft Visual Studio\2022\Community\MSBuild\Microsoft\VC\v170\Microsoft.MetaGen.targets(52,5): warning MSB4018: ERR: Failed to complete setup of assembly (hr = 0x80131018). Probing terminated.
C:\Program Files\Microsoft Visual Studio\2022\Community\MSBuild\Microsoft\VC\v170\Microsoft.MetaGen.targets(52,5): warning MSB4018: 
