c:\users\ryzen\desktop\git_repos\ja_proj\imagescaling_cpp\x64\debug\imagescaling_cpp.pch
c:\users\ryzen\desktop\git_repos\ja_proj\imagescaling_cpp\x64\debug\vc143.pdb
c:\users\ryzen\desktop\git_repos\ja_proj\imagescaling_cpp\x64\debug\pch.obj
c:\users\ryzen\desktop\git_repos\ja_proj\imagescaling_cpp\x64\debug\imagescaler.obj
c:\users\ryzen\desktop\git_repos\ja_proj\imagescaling_cpp\x64\debug\dllmain.obj
c:\users\ryzen\desktop\git_repos\ja_proj\imagescaling_cpp\x64\debug\.netframework,version=v4.7.2.assemblyattributes.obj
c:\users\ryzen\desktop\git_repos\ja_proj\x64\debug\imagescaling_cpp.lib
c:\users\ryzen\desktop\git_repos\ja_proj\x64\debug\imagescaling_cpp.exp
c:\users\ryzen\desktop\git_repos\ja_proj\x64\debug\imagescaling_cpp.dll
c:\users\ryzen\desktop\git_repos\ja_proj\imagescaling_cpp\x64\debug\imagescaling_cpp.ilk
c:\users\ryzen\desktop\git_repos\ja_proj\x64\debug\imagescaling_cpp.pdb
c:\users\ryzen\desktop\git_repos\ja_proj\imagescaling_cpp\x64\debug\imagescaling_cpp.tlog\cl.command.1.tlog
c:\users\ryzen\desktop\git_repos\ja_proj\imagescaling_cpp\x64\debug\imagescaling_cpp.tlog\cl.items.tlog
c:\users\ryzen\desktop\git_repos\ja_proj\imagescaling_cpp\x64\debug\imagescaling_cpp.tlog\cl.read.1.tlog
c:\users\ryzen\desktop\git_repos\ja_proj\imagescaling_cpp\x64\debug\imagescaling_cpp.tlog\cl.write.1.tlog
c:\users\ryzen\desktop\git_repos\ja_proj\imagescaling_cpp\x64\debug\imagescaling_cpp.tlog\link.command.1.tlog
c:\users\ryzen\desktop\git_repos\ja_proj\imagescaling_cpp\x64\debug\imagescaling_cpp.tlog\link.read.1.tlog
c:\users\ryzen\desktop\git_repos\ja_proj\imagescaling_cpp\x64\debug\imagescaling_cpp.tlog\link.write.1.tlog
c:\users\ryzen\desktop\git_repos\ja_proj\imagescaling_cpp\x64\debug\imagescaling_cpp.tlog\link.write.2u.tlog
c:\users\ryzen\desktop\git_repos\ja_proj\imagescaling_cpp\x64\debug\imagescaling_cpp.tlog\metagen.read.1.tlog
c:\users\ryzen\desktop\git_repos\ja_proj\imagescaling_cpp\x64\debug\imagescaling_cpp.tlog\metagen.write.1.tlog
